This file contains any messages produced by compilers while
running configure, to aid debugging if configure makes a mistake.

It was created by BART configure 1.0, which was
generated by GNU Autoconf 2.69.  Invocation command line was

  $ ./configure 

## --------- ##
## Platform. ##
## --------- ##

hostname = eboullier
uname -m = x86_64
uname -r = 4.18.0-0.bpo.1-amd64
uname -s = Linux
uname -v = #1 SMP Debian 4.18.6-1~bpo9+1 (2018-09-13)

/usr/bin/uname -p = unknown
/bin/uname -X     = unknown

/bin/arch              = unknown
/usr/bin/arch -k       = unknown
/usr/convex/getsysinfo = unknown
/usr/bin/hostinfo      = unknown
/bin/machine           = unknown
/usr/bin/oslevel       = unknown
/bin/universe          = unknown

PATH: /home/dcbdan/.local/bin
PATH: ~/ps/webppl
PATH: ~/.npm-global/bin
PATH: /home/dcbdan/bin
PATH: /usr/local/bin
PATH: /usr/bin
PATH: /bin
PATH: /usr/local/games
PATH: /usr/games
PATH: /snap/bin
PATH: /usr/lib/jvm/java-8-oracle/bin
PATH: /usr/lib/jvm/java-8-oracle/db/bin
PATH: /usr/lib/jvm/java-8-oracle/jre/bin
PATH: /home/dcbdan/bin


## ----------- ##
## Core tests. ##
## ----------- ##

configure:1912: checking for C++ compiler version
configure:1921: g++ -std=gnu++11 --version >&5
g++ (Debian 6.3.0-18+deb9u1) 6.3.0 20170516
Copyright (C) 2016 Free Software Foundation, Inc.
This is free software; see the source for copying conditions.  There is NO
warranty; not even for MERCHANTABILITY or FITNESS FOR A PARTICULAR PURPOSE.

configure:1932: $? = 0
configure:1921: g++ -std=gnu++11 -v >&5
Using built-in specs.
COLLECT_GCC=g++
COLLECT_LTO_WRAPPER=/usr/lib/gcc/x86_64-linux-gnu/6/lto-wrapper
Target: x86_64-linux-gnu
Configured with: ../src/configure -v --with-pkgversion='Debian 6.3.0-18+deb9u1' --with-bugurl=file:///usr/share/doc/gcc-6/README.Bugs --enable-languages=c,ada,c++,java,go,d,fortran,objc,obj-c++ --prefix=/usr --program-suffix=-6 --program-prefix=x86_64-linux-gnu- --enable-shared --enable-linker-build-id --libexecdir=/usr/lib --without-included-gettext --enable-threads=posix --libdir=/usr/lib --enable-nls --with-sysroot=/ --enable-clocale=gnu --enable-libstdcxx-debug --enable-libstdcxx-time=yes --with-default-libstdcxx-abi=new --enable-gnu-unique-object --disable-vtable-verify --enable-libmpx --enable-plugin --enable-default-pie --with-system-zlib --disable-browser-plugin --enable-java-awt=gtk --enable-gtk-cairo --with-java-home=/usr/lib/jvm/java-1.5.0-gcj-6-amd64/jre --enable-java-home --with-jvm-root-dir=/usr/lib/jvm/java-1.5.0-gcj-6-amd64 --with-jvm-jar-dir=/usr/lib/jvm-exports/java-1.5.0-gcj-6-amd64 --with-arch-directory=amd64 --with-ecj-jar=/usr/share/java/eclipse-ecj.jar --with-target-system-zlib --enable-objc-gc=auto --enable-multiarch --with-arch-32=i686 --with-abi=m64 --with-multilib-list=m32,m64,mx32 --enable-multilib --with-tune=generic --enable-checking=release --build=x86_64-linux-gnu --host=x86_64-linux-gnu --target=x86_64-linux-gnu
Thread model: posix
gcc version 6.3.0 20170516 (Debian 6.3.0-18+deb9u1) 
configure:1932: $? = 0
configure:1921: g++ -std=gnu++11 -V >&5
g++: error: unrecognized command line option '-V'
g++: fatal error: no input files
compilation terminated.
configure:1932: $? = 1
configure:1921: g++ -std=gnu++11 -qversion >&5
g++: error: unrecognized command line option '-qversion'; did you mean '--version'?
g++: fatal error: no input files
compilation terminated.
configure:1932: $? = 1
configure:1952: checking whether the C++ compiler works
configure:1974: g++ -std=gnu++11 -g -O2 -fdebug-prefix-map=/home/jranke/git/r-backports/stretch/r-base-3.4.4=. -fstack-protector-strong -Wformat -Werror=format-security -Wdate-time -D_FORTIFY_SOURCE=2 -g   conftest.cpp  >&5
configure:1978: $? = 0
configure:2026: result: yes
configure:2029: checking for C++ compiler default output file name
configure:2031: result: a.out
configure:2037: checking for suffix of executables
configure:2044: g++ -std=gnu++11 -o conftest -g -O2 -fdebug-prefix-map=/home/jranke/git/r-backports/stretch/r-base-3.4.4=. -fstack-protector-strong -Wformat -Werror=format-security -Wdate-time -D_FORTIFY_SOURCE=2 -g   conftest.cpp  >&5
configure:2048: $? = 0
configure:2070: result: 
configure:2092: checking whether we are cross compiling
configure:2100: g++ -std=gnu++11 -o conftest -g -O2 -fdebug-prefix-map=/home/jranke/git/r-backports/stretch/r-base-3.4.4=. -fstack-protector-strong -Wformat -Werror=format-security -Wdate-time -D_FORTIFY_SOURCE=2 -g   conftest.cpp  >&5
configure:2104: $? = 0
configure:2111: ./conftest
configure:2115: $? = 0
configure:2130: result: no
configure:2135: checking for suffix of object files
configure:2157: g++ -std=gnu++11 -c -g -O2 -fdebug-prefix-map=/home/jranke/git/r-backports/stretch/r-base-3.4.4=. -fstack-protector-strong -Wformat -Werror=format-security -Wdate-time -D_FORTIFY_SOURCE=2 -g  conftest.cpp >&5
configure:2161: $? = 0
configure:2182: result: o
configure:2186: checking whether we are using the GNU C++ compiler
configure:2205: g++ -std=gnu++11 -c -g -O2 -fdebug-prefix-map=/home/jranke/git/r-backports/stretch/r-base-3.4.4=. -fstack-protector-strong -Wformat -Werror=format-security -Wdate-time -D_FORTIFY_SOURCE=2 -g  conftest.cpp >&5
configure:2205: $? = 0
configure:2214: result: yes
configure:2223: checking whether g++ -std=gnu++11 accepts -g
configure:2243: g++ -std=gnu++11 -c -g  conftest.cpp >&5
configure:2243: $? = 0
configure:2284: result: yes
configure:2308: checking for g++ -std=gnu++11 option to support OpenMP
configure:2323: g++ -std=gnu++11 -o conftest -g -O2 -fdebug-prefix-map=/home/jranke/git/r-backports/stretch/r-base-3.4.4=. -fstack-protector-strong -Wformat -Werror=format-security -Wdate-time -D_FORTIFY_SOURCE=2 -g   conftest.cpp  >&5
conftest.cpp:11:2: error: 'choke' does not name a type
  choke me
  ^~~~~
In file included from conftest.cpp:13:0:
/usr/lib/gcc/x86_64-linux-gnu/6/include/omp.h:39:3: error: 'omp_lock_t' does not name a type
 } omp_lock_t;
   ^~~~~~~~~~
/usr/lib/gcc/x86_64-linux-gnu/6/include/omp.h:100:28: error: variable or field 'omp_init_lock' declared void
 extern void omp_init_lock (omp_lock_t *) __GOMP_NOTHROW;
                            ^~~~~~~~~~
/usr/lib/gcc/x86_64-linux-gnu/6/include/omp.h:100:28: error: 'omp_lock_t' was not declared in this scope
/usr/lib/gcc/x86_64-linux-gnu/6/include/omp.h:100:40: error: expected primary-expression before ')' token
 extern void omp_init_lock (omp_lock_t *) __GOMP_NOTHROW;
                                        ^
/usr/lib/gcc/x86_64-linux-gnu/6/include/omp.h:101:38: error: variable or field 'omp_init_lock_with_hint' declared void
 extern void omp_init_lock_with_hint (omp_lock_t *, omp_lock_hint_t)
                                      ^~~~~~~~~~
/usr/lib/gcc/x86_64-linux-gnu/6/include/omp.h:101:38: error: 'omp_lock_t' was not declared in this scope
/usr/lib/gcc/x86_64-linux-gnu/6/include/omp.h:101:50: error: expected primary-expression before ',' token
 extern void omp_init_lock_with_hint (omp_lock_t *, omp_lock_hint_t)
                                                  ^
/usr/lib/gcc/x86_64-linux-gnu/6/include/omp.h:101:67: error: expected primary-expression before ')' token
 extern void omp_init_lock_with_hint (omp_lock_t *, omp_lock_hint_t)
                                                                   ^
/usr/lib/gcc/x86_64-linux-gnu/6/include/omp.h:103:31: error: variable or field 'omp_destroy_lock' declared void
 extern void omp_destroy_lock (omp_lock_t *) __GOMP_NOTHROW;
                               ^~~~~~~~~~
/usr/lib/gcc/x86_64-linux-gnu/6/include/omp.h:103:31: error: 'omp_lock_t' was not declared in this scope
/usr/lib/gcc/x86_64-linux-gnu/6/include/omp.h:103:43: error: expected primary-expression before ')' token
 extern void omp_destroy_lock (omp_lock_t *) __GOMP_NOTHROW;
                                           ^
/usr/lib/gcc/x86_64-linux-gnu/6/include/omp.h:104:27: error: variable or field 'omp_set_lock' declared void
 extern void omp_set_lock (omp_lock_t *) __GOMP_NOTHROW;
                           ^~~~~~~~~~
/usr/lib/gcc/x86_64-linux-gnu/6/include/omp.h:104:27: error: 'omp_lock_t' was not declared in this scope
/usr/lib/gcc/x86_64-linux-gnu/6/include/omp.h:104:39: error: expected primary-expression before ')' token
 extern void omp_set_lock (omp_lock_t *) __GOMP_NOTHROW;
                                       ^
/usr/lib/gcc/x86_64-linux-gnu/6/include/omp.h:105:29: error: variable or field 'omp_unset_lock' declared void
 extern void omp_unset_lock (omp_lock_t *) __GOMP_NOTHROW;
                             ^~~~~~~~~~
/usr/lib/gcc/x86_64-linux-gnu/6/include/omp.h:105:29: error: 'omp_lock_t' was not declared in this scope
/usr/lib/gcc/x86_64-linux-gnu/6/include/omp.h:105:41: error: expected primary-expression before ')' token
 extern void omp_unset_lock (omp_lock_t *) __GOMP_NOTHROW;
                                         ^
/usr/lib/gcc/x86_64-linux-gnu/6/include/omp.h:106:27: error: 'omp_lock_t' was not declared in this scope
 extern int omp_test_lock (omp_lock_t *) __GOMP_NOTHROW;
                           ^~~~~~~~~~
/usr/lib/gcc/x86_64-linux-gnu/6/include/omp.h:106:39: error: expected primary-expression before ')' token
 extern int omp_test_lock (omp_lock_t *) __GOMP_NOTHROW;
                                       ^
/usr/lib/gcc/x86_64-linux-gnu/6/include/omp.h:109:43: error: variable or field 'omp_init_nest_lock_with_hint' declared void
 extern void omp_init_nest_lock_with_hint (omp_lock_t *, omp_lock_hint_t)
                                           ^~~~~~~~~~
/usr/lib/gcc/x86_64-linux-gnu/6/include/omp.h:109:43: error: 'omp_lock_t' was not declared in this scope
/usr/lib/gcc/x86_64-linux-gnu/6/include/omp.h:109:55: error: expected primary-expression before ',' token
 extern void omp_init_nest_lock_with_hint (omp_lock_t *, omp_lock_hint_t)
                                                       ^
/usr/lib/gcc/x86_64-linux-gnu/6/include/omp.h:109:72: error: expected primary-expression before ')' token
 extern void omp_init_nest_lock_with_hint (omp_lock_t *, omp_lock_hint_t)
                                                                        ^
configure:2323: $? = 1
configure: failed program was:
| /* confdefs.h */
| #define PACKAGE_NAME "BART"
| #define PACKAGE_TARNAME "bart"
| #define PACKAGE_VERSION "1.0"
| #define PACKAGE_STRING "BART 1.0"
| #define PACKAGE_BUGREPORT ""
| #define PACKAGE_URL ""
| /* end confdefs.h.  */
| 
| #ifndef _OPENMP
|  choke me
| #endif
| #include <omp.h>
| int main () { return omp_get_num_threads (); }
| 
configure:2343: g++ -std=gnu++11 -o conftest -g -O2 -fdebug-prefix-map=/home/jranke/git/r-backports/stretch/r-base-3.4.4=. -fstack-protector-strong -Wformat -Werror=format-security -Wdate-time -D_FORTIFY_SOURCE=2 -g -fopenmp   conftest.cpp  >&5
configure:2343: $? = 0
configure:2357: result: -fopenmp
configure:2520: creating ./config.status

## ---------------------- ##
## Running config.status. ##
## ---------------------- ##

This file was extended by BART config.status 1.0, which was
generated by GNU Autoconf 2.69.  Invocation command line was

  CONFIG_FILES    = 
  CONFIG_HEADERS  = 
  CONFIG_LINKS    = 
  CONFIG_COMMANDS = 
  $ ./config.status 

on eboullier

config.status:721: creating src/Makevars

## ---------------- ##
## Cache variables. ##
## ---------------- ##

ac_cv_cxx_compiler_gnu=yes
ac_cv_env_CCC_set=
ac_cv_env_CCC_value=
ac_cv_env_CPPFLAGS_set=
ac_cv_env_CPPFLAGS_value=
ac_cv_env_CXXFLAGS_set=
ac_cv_env_CXXFLAGS_value=
ac_cv_env_CXX_set=
ac_cv_env_CXX_value=
ac_cv_env_LDFLAGS_set=
ac_cv_env_LDFLAGS_value=
ac_cv_env_LIBS_set=
ac_cv_env_LIBS_value=
ac_cv_env_build_alias_set=
ac_cv_env_build_alias_value=
ac_cv_env_host_alias_set=
ac_cv_env_host_alias_value=
ac_cv_env_target_alias_set=
ac_cv_env_target_alias_value=
ac_cv_objext=o
ac_cv_prog_cxx_g=yes
ac_cv_prog_cxx_openmp=-fopenmp

## ----------------- ##
## Output variables. ##
## ----------------- ##

CPPFLAGS=''
CXX='g++ -std=gnu++11'
CXXFLAGS='-g -O2 -fdebug-prefix-map=/home/jranke/git/r-backports/stretch/r-base-3.4.4=. -fstack-protector-strong -Wformat -Werror=format-security -Wdate-time -D_FORTIFY_SOURCE=2 -g'
DEFS='-DPACKAGE_NAME=\"BART\" -DPACKAGE_TARNAME=\"bart\" -DPACKAGE_VERSION=\"1.0\" -DPACKAGE_STRING=\"BART\ 1.0\" -DPACKAGE_BUGREPORT=\"\" -DPACKAGE_URL=\"\"'
ECHO_C=''
ECHO_N='-n'
ECHO_T=''
EXEEXT=''
LDFLAGS=''
LIBOBJS=''
LIBS=''
LTLIBOBJS=''
OBJEXT='o'
OPENMP_CXXFLAGS='-fopenmp'
PACKAGE_BUGREPORT=''
PACKAGE_NAME='BART'
PACKAGE_STRING='BART 1.0'
PACKAGE_TARNAME='bart'
PACKAGE_URL=''
PACKAGE_VERSION='1.0'
PATH_SEPARATOR=':'
SHELL='/bin/bash'
ac_ct_CXX=''
bindir='${exec_prefix}/bin'
build_alias=''
datadir='${datarootdir}'
datarootdir='${prefix}/share'
docdir='${datarootdir}/doc/${PACKAGE_TARNAME}'
dvidir='${docdir}'
exec_prefix='${prefix}'
host_alias=''
htmldir='${docdir}'
includedir='${prefix}/include'
infodir='${datarootdir}/info'
libdir='${exec_prefix}/lib'
libexecdir='${exec_prefix}/libexec'
localedir='${datarootdir}/locale'
localstatedir='${prefix}/var'
mandir='${datarootdir}/man'
oldincludedir='/usr/include'
pdfdir='${docdir}'
prefix='/usr/local'
program_transform_name='s,x,x,'
psdir='${docdir}'
sbindir='${exec_prefix}/sbin'
sharedstatedir='${prefix}/com'
sysconfdir='${prefix}/etc'
target_alias=''

## ----------- ##
## confdefs.h. ##
## ----------- ##

/* confdefs.h */
#define PACKAGE_NAME "BART"
#define PACKAGE_TARNAME "bart"
#define PACKAGE_VERSION "1.0"
#define PACKAGE_STRING "BART 1.0"
#define PACKAGE_BUGREPORT ""
#define PACKAGE_URL ""

configure: exit 0
